<?xml version="1.0" encoding="UTF-8"?>
<!-- Generated by org.testng.reporters.JUnitReportReporter -->
<testsuite hostname="DESKTOP-JQPM4PU" failures="0" tests="1" name="testCases.TC001_Product_LoginCart_Test" time="5.199" errors="0" timestamp="2024-10-13T00:54:16 IST" skipped="0">
  <testcase classname="testCases.TC001_Product_LoginCart_Test" name="verify_Login_ProductCart" time="5.199"/>
  <system-out/>
</testsuite> <!-- testCases.TC001_Product_LoginCart_Test -->
