<?xml version="1.0" encoding="UTF-8"?>
<!-- Generated by org.testng.reporters.JUnitReportReporter -->
<testsuite hostname="DESKTOP-JQPM4PU" failures="0" tests="1" name="testCases.TC002_ApiTest" time="0.367" errors="0" timestamp="2024-10-13T00:54:16 IST" skipped="0">
  <testcase classname="testCases.TC002_ApiTest" name="verifyGetRequestStatusCode" time="0.367"/>
  <system-out/>
</testsuite> <!-- testCases.TC002_ApiTest -->
