<?xml version="1.0" encoding="UTF-8"?>
<!-- Generated by org.testng.reporters.JUnitReportReporter -->
<testsuite hostname="DESKTOP-JQPM4PU" failures="0" tests="1" name="testCases.ApiTest" time="0.411" errors="0" timestamp="2024-10-12T23:53:28 IST" skipped="0">
  <testcase classname="testCases.ApiTest" name="verifyGetRequestStatusCode" time="0.411"/>
  <system-out/>
</testsuite> <!-- testCases.ApiTest -->
