<?xml version="1.0" encoding="UTF-8"?>
<!-- Generated by org.testng.reporters.JUnitReportReporter -->
<testsuite hostname="DESKTOP-JQPM4PU" failures="0" tests="1" name="testCases.TC002_Verify_Prodcut_Logout_Test" time="5.837" errors="0" timestamp="2024-10-13T11:03:50 IST" skipped="0">
  <testcase classname="testCases.TC002_Verify_Prodcut_Logout_Test" name="verify_Login_ProductCart" time="5.837"/>
  <system-out/>
</testsuite> <!-- testCases.TC002_Verify_Prodcut_Logout_Test -->
