<?xml version="1.0" encoding="UTF-8"?>
<!-- Generated by org.testng.reporters.JUnitReportReporter -->
<testsuite hostname="DESKTOP-JQPM4PU" failures="0" tests="1" name="testCases.TC001_Verify_Login_Product_Logout_Test" time="5.488" errors="0" timestamp="2024-10-13T11:14:12 IST" skipped="0">
  <testcase classname="testCases.TC001_Verify_Login_Product_Logout_Test" name="verify_Login_ProductCart" time="5.488"/>
  <system-out/>
</testsuite> <!-- testCases.TC001_Verify_Login_Product_Logout_Test -->
